Start testing: Mar 16 23:27 CST
----------------------------------------------------------
1/2 Testing: HelloTest.BasicAssertions
1/2 Test: HelloTest.BasicAssertions
Command: "/root/xy/BplusTree/build/test/hello_test" "--gtest_filter=HelloTest.BasicAssertions" "--gtest_also_run_disabled_tests"
Directory: /root/xy/BplusTree/build/test
"HelloTest.BasicAssertions" start time: Mar 16 23:27 CST
Output:
----------------------------------------------------------
Running main() from /root/xy/BplusTree/build/_deps/googletest-src/googletest/src/gtest_main.cc
Note: Google Test filter = HelloTest.BasicAssertions
[==========] Running 1 test from 1 test suite.
[----------] Global test environment set-up.
[----------] 1 test from HelloTest
[ RUN      ] HelloTest.BasicAssertions
[       OK ] HelloTest.BasicAssertions (0 ms)
[----------] 1 test from HelloTest (0 ms total)

[----------] Global test environment tear-down
[==========] 1 test from 1 test suite ran. (0 ms total)
[  PASSED  ] 1 test.
<end of output>
Test time =   0.01 sec
----------------------------------------------------------
Test Passed.
"HelloTest.BasicAssertions" end time: Mar 16 23:27 CST
"HelloTest.BasicAssertions" time elapsed: 00:00:00
----------------------------------------------------------

Unable to find executable: Bplus_query_test_NOT_BUILT
2/2 Testing: Bplus_query_test_NOT_BUILT
2/2 Test: Bplus_query_test_NOT_BUILT
Command: ""
Directory: /root/xy/BplusTree/build/test
"Bplus_query_test_NOT_BUILT" start time: 
Output:
----------------------------------------------------------
<end of output>
Test time =   0.00 sec
----------------------------------------------------------
Test Passed.
"Bplus_query_test_NOT_BUILT" end time: Mar 16 23:27 CST
"Bplus_query_test_NOT_BUILT" time elapsed: 00:00:00
----------------------------------------------------------

End testing: Mar 16 23:27 CST
