<?xml version="1.0" encoding="UTF-8"?>
<Site BuildName="(empty)"
	BuildStamp="20250317-0246-Experimental"
	Name="(empty)"
	Generator="ctest-3.22.1"
	CompilerName=""
	CompilerVersion=""
	OSName="Linux"
	Hostname="iZ2vca14hc94c9ctzfbt2nZ"
	OSRelease="5.15.0-130-generic"
	OSVersion="#140-Ubuntu SMP Wed Dec 18 17:59:53 UTC 2024"
	OSPlatform="x86_64"
	Is64Bits="1"
	VendorString="GenuineIntel"
	VendorID="Intel Corporation"
	FamilyID="6"
	ModelID="85"
	ProcessorCacheSize="33792"
	NumberOfLogicalCPU="2"
	NumberOfPhysicalCPU="1"
	TotalVirtualMemory="0"
	TotalPhysicalMemory="1673"
	LogicalProcessorsPerPhysical="2"
	ProcessorClockFrequency="2500"
	>
	<Testing>
		<StartDateTime>Mar 17 10:46 CST</StartDateTime>
		<StartTestTime>1742179574</StartTestTime>
		<TestList/>
		<EndDateTime>Mar 17 10:46 CST</EndDateTime>
		<EndTestTime>1742179574</EndTestTime>
		<ElapsedMinutes>0</ElapsedMinutes>
	</Testing>
</Site>
